<?xml version="1.0" encoding="UTF-8"?>
<testsuite name="br.ce.wcaquino.servicos.CalculoValorLocacaoTeste" time="6.056" tests="12" errors="0" skipped="0" failures="0">
  <properties>
[...]
</properties>
  <testcase name="print[Teste 3 = 5 Filmes: 75%]" classname="br.ce.wcaquino.servicos.CalculoValorLocacaoTeste" time="0.484"/>
  <testcase name="print[Teste 5 = 7 Filmes: Sem Desconto]" classname="br.ce.wcaquino.servicos.CalculoValorLocacaoTeste" time="0.423"/>
  <testcase name="deveCalcularValorLocacaoConsiderandoDescontos[Teste 5 = 7 Filmes: Sem Desconto]" classname="br.ce.wcaquino.servicos.CalculoValorLocacaoTeste" time="0.675"/>
  <testcase name="print[Teste 2 = 4 Filmes: 50%]" classname="br.ce.wcaquino.servicos.CalculoValorLocacaoTeste" time="0.463"/>
  <testcase name="print[Teste 1 = 3 Filmes: 25%]" classname="br.ce.wcaquino.servicos.CalculoValorLocacaoTeste" time="0.404"/>
  <testcase name="print[Teste 0 = 2 Filmes: Sem Desconto]" classname="br.ce.wcaquino.servicos.CalculoValorLocacaoTeste" time="0.4"/>
  <testcase name="deveCalcularValorLocacaoConsiderandoDescontos[Teste 1 = 3 Filmes: 25%]" classname="br.ce.wcaquino.servicos.CalculoValorLocacaoTeste" time="0.668"/>
  <testcase name="deveCalcularValorLocacaoConsiderandoDescontos[Teste 3 = 5 Filmes: 75%]" classname="br.ce.wcaquino.servicos.CalculoValorLocacaoTeste" time="0.56"/>
  <testcase name="deveCalcularValorLocacaoConsiderandoDescontos[Teste 0 = 2 Filmes: Sem Desconto]" classname="br.ce.wcaquino.servicos.CalculoValorLocacaoTeste" time="0.566"/>
  <testcase name="deveCalcularValorLocacaoConsiderandoDescontos[Teste 4 = 6 Filmes: 100%]" classname="br.ce.wcaquino.servicos.CalculoValorLocacaoTeste" time="0.555"/>
  <testcase name="deveCalcularValorLocacaoConsiderandoDescontos[Teste 2 = 4 Filmes: 50%]" classname="br.ce.wcaquino.servicos.CalculoValorLocacaoTeste" time="0.557"/>
  <testcase name="print[Teste 4 = 6 Filmes: 100%]" classname="br.ce.wcaquino.servicos.CalculoValorLocacaoTeste" time="0.301"/>
</testsuite>