<?xml version="1.0" encoding="UTF-8"?>
<testsuite name="br.ce.wcaquino.servicos.LocacaoServiceTest" time="8.309" tests="12" errors="0" skipped="0" failures="0">
  <properties>
[...]
</properties>
  <testcase name="naoDeveAlugarFilmeSemEstoque3" classname="br.ce.wcaquino.servicos.LocacaoServiceTest" time="0.741"/>
  <testcase name="naoDeveAlugarFilmeSemUsuario" classname="br.ce.wcaquino.servicos.LocacaoServiceTest" time="0.731"/>
  <testcase name="deveDevolverNaSegundaAoAlugarNoSabado" classname="br.ce.wcaquino.servicos.LocacaoServiceTest" time="0.726"/>
  <testcase name="deveEnviarEmailParaLocacoesAtrasadas" classname="br.ce.wcaquino.servicos.LocacaoServiceTest" time="0.745"/>
  <testcase name="naoDeveAlugarFilmeSemEstoque" classname="br.ce.wcaquino.servicos.LocacaoServiceTest" time="0.722"/>
  <testcase name="naoDeveAlugarFilmeSemFilme" classname="br.ce.wcaquino.servicos.LocacaoServiceTest" time="0.736"/>
  <testcase name="deveProrrogarUmaLocacao" classname="br.ce.wcaquino.servicos.LocacaoServiceTest" time="0.72"/>
  <testcase name="deveAlugarFilme" classname="br.ce.wcaquino.servicos.LocacaoServiceTest" time="0.719"/>
  <testcase name="deveTratarErroNoSPC" classname="br.ce.wcaquino.servicos.LocacaoServiceTest" time="0.741"/>
  <testcase name="deveCalcularValorLocacao" classname="br.ce.wcaquino.servicos.LocacaoServiceTest" time="0.532"/>
  <testcase name="naoDeveAlugarFilmeSemEstoque2" classname="br.ce.wcaquino.servicos.LocacaoServiceTest" time="0.593"/>
  <testcase name="naoDeveAlugarParaNegativadoSPC" classname="br.ce.wcaquino.servicos.LocacaoServiceTest" time="0.603"/>
</testsuite>